<?xml version="1.0" encoding="UTF-8"?>
<!-- Generated by org.testng.reporters.JUnitReportReporter -->
<testsuite skipped="0" hostname="DESKTOP-QFEM0MH" name="testCases.TC_005_AddToCartPageTest" tests="1" failures="0" timestamp="2023-06-04T12:49:00 IST" time="5.938" errors="0">
  <testcase name="addToCart" time="5.938" classname="testCases.TC_005_AddToCartPageTest"/>
  <system-out/>
</testsuite> <!-- testCases.TC_005_AddToCartPageTest -->
