<?xml version="1.0" encoding="UTF-8"?>
<!-- Generated by org.testng.reporters.JUnitReportReporter -->
<testsuite skipped="0" hostname="DESKTOP-QFEM0MH" name="testCases.TC_002_LoginTest" tests="1" failures="0" timestamp="2023-06-04T12:49:00 IST" time="1.838" errors="0">
  <testcase name="Login" time="1.838" classname="testCases.TC_002_LoginTest"/>
  <system-out/>
</testsuite> <!-- testCases.TC_002_LoginTest -->
