<?xml version="1.0" encoding="UTF-8"?>
<!-- Generated by org.testng.reporters.JUnitReportReporter -->
<testsuite skipped="0" hostname="DESKTOP-QFEM0MH" name="testCases.CheckoutPage" tests="1" failures="0" timestamp="2023-05-17T10:25:45 IST" time="13.721" errors="0">
  <testcase name="verifyCheckoutPage" time="13.721" classname="testCases.CheckoutPage"/>
  <system-out/>
</testsuite> <!-- testCases.CheckoutPage -->
