<?xml version="1.0" encoding="UTF-8"?>
<!-- Generated by org.testng.reporters.JUnitReportReporter -->
<testsuite skipped="0" hostname="DESKTOP-QFEM0MH" name="testCases.TC_006_ShoppingCartTest" tests="1" failures="0" timestamp="2023-06-04T12:49:00 IST" time="14.127" errors="0">
  <testcase name="verifyShoppingcartPage" time="14.127" classname="testCases.TC_006_ShoppingCartTest"/>
  <system-out/>
</testsuite> <!-- testCases.TC_006_ShoppingCartTest -->
