<?xml version="1.0" encoding="UTF-8"?>
<!-- Generated by org.testng.reporters.JUnitReportReporter -->
<testsuite skipped="0" hostname="DESKTOP-QFEM0MH" name="testCases.AccountRegistration" tests="1" failures="0" timestamp="2023-05-14T22:56:59 IST" time="3.581" errors="0">
  <testcase name="test_Account_Registration" time="3.581" classname="testCases.AccountRegistration"/>
  <system-out/>
</testsuite> <!-- testCases.AccountRegistration -->
