<?xml version="1.0" encoding="UTF-8"?>
<!-- Generated by org.testng.reporters.JUnitReportReporter -->
<testsuite skipped="0" hostname="DESKTOP-QFEM0MH" name="testCases.LoginWithDDT" tests="4" failures="0" timestamp="2023-05-13T11:06:45 IST" time="5.517" errors="0">
  <testcase name="loginWithDatadriven" time="1.077" classname="testCases.LoginWithDDT"/>
  <system-out/>
  <testcase name="loginWithDatadriven" time="1.253" classname="testCases.LoginWithDDT"/>
  <system-out/>
  <testcase name="loginWithDatadriven" time="1.111" classname="testCases.LoginWithDDT"/>
  <system-out/>
  <testcase name="loginWithDatadriven" time="2.076" classname="testCases.LoginWithDDT"/>
  <system-out/>
</testsuite> <!-- testCases.LoginWithDDT -->
