<?xml version="1.0" encoding="UTF-8"?>
<!-- Generated by org.testng.reporters.JUnitReportReporter -->
<testsuite skipped="0" hostname="DESKTOP-QFEM0MH" name="testCases.AddToCart" tests="1" failures="0" timestamp="2023-05-17T08:22:10 IST" time="11.097" errors="0">
  <testcase name="addToCart" time="11.097" classname="testCases.AddToCart"/>
  <system-out/>
</testsuite> <!-- testCases.AddToCart -->
