<?xml version="1.0" encoding="UTF-8"?>
<!-- Generated by org.testng.reporters.JUnitReportReporter -->
<testsuite skipped="0" hostname="DESKTOP-QFEM0MH" name="testCases.TC_006_CheckoutTest" tests="1" failures="0" timestamp="2023-06-04T00:09:59 IST" time="24.421" errors="0">
  <testcase name="verifyCheckoutPage" time="24.421" classname="testCases.TC_006_CheckoutTest"/>
  <system-out/>
</testsuite> <!-- testCases.TC_006_CheckoutTest -->
