<?xml version="1.0" encoding="UTF-8"?>
<!-- Generated by org.testng.reporters.JUnitReportReporter -->
<testsuite skipped="0" hostname="DESKTOP-QFEM0MH" name="testCases.TC_007_EndToEndTest" tests="1" failures="0" timestamp="2023-06-04T09:27:57 IST" time="36.598" errors="0">
  <testcase name="endToEndTesting" time="36.598" classname="testCases.TC_007_EndToEndTest"/>
  <system-out/>
</testsuite> <!-- testCases.TC_007_EndToEndTest -->
