<?xml version="1.0" encoding="UTF-8"?>
<!-- Generated by org.testng.reporters.JUnitReportReporter -->
<testsuite skipped="0" hostname="DESKTOP-QFEM0MH" name="testCases.TC_006_CheckoutPageTest" tests="1" failures="0" timestamp="2023-05-18T07:57:28 IST" time="10.958" errors="0">
  <testcase name="verifyCheckoutPage" time="10.958" classname="testCases.TC_006_CheckoutPageTest"/>
  <system-out/>
</testsuite> <!-- testCases.TC_006_CheckoutPageTest -->
