<?xml version="1.0" encoding="UTF-8"?>
<!-- Generated by org.testng.reporters.JUnitReportReporter -->
<testsuite skipped="0" hostname="DESKTOP-QFEM0MH" name="testCases.SearchProduct" tests="1" failures="0" timestamp="2023-05-16T13:24:16 IST" time="3.897" errors="0">
  <testcase name="searchResult" time="3.897" classname="testCases.SearchProduct"/>
  <system-out/>
</testsuite> <!-- testCases.SearchProduct -->
