<?xml version="1.0" encoding="UTF-8"?>
<!-- Generated by org.testng.reporters.JUnitReportReporter -->
<testsuite skipped="0" hostname="DESKTOP-QFEM0MH" name="testCases.EndToEnd" tests="1" failures="0" timestamp="2023-05-17T22:50:57 IST" time="17.860" errors="0">
  <testcase name="endToEndTesting" time="17.860" classname="testCases.EndToEnd"/>
  <system-out/>
</testsuite> <!-- testCases.EndToEnd -->
