<?xml version="1.0" encoding="UTF-8"?>
<!-- Generated by org.testng.reporters.JUnitReportReporter -->
<testsuite skipped="0" hostname="DESKTOP-QFEM0MH" name="testCases.TC_004_SearchProductTest" tests="1" failures="0" timestamp="2023-06-04T12:49:00 IST" time="4.262" errors="0">
  <testcase name="searchResult" time="4.262" classname="testCases.TC_004_SearchProductTest"/>
  <system-out/>
</testsuite> <!-- testCases.TC_004_SearchProductTest -->
