<?xml version="1.0" encoding="UTF-8"?>
<!-- Generated by org.testng.reporters.JUnitReportReporter -->
<testsuite skipped="0" hostname="DESKTOP-QFEM0MH" name="testCases.TC_008_EndToEndTest" tests="1" failures="0" timestamp="2023-06-04T12:49:00 IST" time="35.888" errors="0">
  <testcase name="endToEndTesting" time="35.888" classname="testCases.TC_008_EndToEndTest"/>
  <system-out/>
</testsuite> <!-- testCases.TC_008_EndToEndTest -->
