<?xml version="1.0" encoding="UTF-8"?>
<!-- Generated by org.testng.reporters.JUnitReportReporter -->
<testsuite skipped="0" hostname="DESKTOP-QFEM0MH" name="testCases.TC_007_CheckoutTest" tests="1" failures="0" timestamp="2023-06-04T12:49:00 IST" time="26.145" errors="0">
  <testcase name="verifyCheckoutPage" time="26.145" classname="testCases.TC_007_CheckoutTest"/>
  <system-out/>
</testsuite> <!-- testCases.TC_007_CheckoutTest -->
