<?xml version="1.0" encoding="UTF-8"?>
<!-- Generated by org.testng.reporters.JUnitReportReporter -->
<testsuite skipped="0" hostname="DESKTOP-QFEM0MH" name="testCases.AccountLogin" tests="1" failures="0" timestamp="2023-05-14T22:56:59 IST" time="0.989" errors="0">
  <testcase name="Login" time="0.989" classname="testCases.AccountLogin"/>
  <system-out/>
</testsuite> <!-- testCases.AccountLogin -->
